#
# A fatal error has been detected by the Java Runtime Environment:
#
#  EXCEPTION_ACCESS_VIOLATION (0xc0000005) at pc=0x000000000394f9be, pid=13168, tid=0x000000000000351c
#
# JRE version: Java(TM) SE Runtime Environment (8.0_202-b08) (build 1.8.0_202-b08)
# Java VM: Java HotSpot(TM) 64-Bit Server VM (25.202-b08 mixed mode windows-amd64 compressed oops)
# Problematic frame:
# J 1755 C1 com.sun.glass.ui.win.WinAccessible.get_HostRawElementProvider()J (27 bytes) @ 0x000000000394f9be [0x000000000394f6e0+0x2de]
#
# Failed to write core dump. Minidumps are not enabled by default on client versions of Windows
#
# If you would like to submit a bug report, please visit:
#   http://bugreport.java.com/bugreport/crash.jsp
#

---------------  T H R E A D  ---------------

Current thread (0x000000001afe7800):  JavaThread "JavaFX Application Thread" [_thread_in_Java, id=13596, stack(0x000000001bd20000,0x000000001be20000)]

siginfo: ExceptionCode=0xc0000005, reading address 0x000000000bedb409

Registers:
RAX=0x00000000000001ae, RBX=0x0000000000000198, RCX=0x000000001be1c430, RDX=0x00000000d8588000
RSP=0x000000001be1c1e0, RBP=0x000000001be1c360, RSI=0x000000000bedb409, RDI=0x000000002e9e68e8
R8 =0x000000001be1c640, R9 =0x0000000000000001, R10=0x00000000033f0827, R11=0x000000000394f700
R12=0x0000000000000000, R13=0x000000001be1c280, R14=0x000000001be1c408, R15=0x000000001afe7800
RIP=0x000000000394f9be, EFLAGS=0x0000000000010206

Top of Stack: (sp=0x000000001be1c1e0)
0x000000001be1c1e0:   000000002ea0e670 0000000017fb7f30
0x000000001be1c1f0:   0000000000000000 000000001be1c210
0x000000001be1c200:   000000001be1c258 00000000033f80e0
0x000000001be1c210:   00000000d8598338 000000001be1c218
0x000000001be1c220:   00000000d7779f38 000000001be1c298
0x000000001be1c230:   0000000022d9c8b8 0000000000000000
0x000000001be1c240:   000000000bedb409 0000000000000000
0x000000001be1c250:   000000001be1c430 0000000003925bc4
0x000000001be1c260:   000000001be1c360 00000000033f08da
0x000000001be1c270:   0000000000000000 00000000033f08da
0x000000001be1c280:   00000000d8588000 0000000000000000
0x000000001be1c290:   0000000000000000 0000000000000000
0x000000001be1c2a0:   0000000000000000 0000000000000000
0x000000001be1c2b0:   0000000000000000 0000000000000000
0x000000001be1c2c0:   0000000000000000 0000000000000000
0x000000001be1c2d0:   0000000000000000 0000000000000000 

Instructions: (pc=0x000000000394f9be)
0x000000000394f99e:   0a 00 00 00 48 bb 98 01 00 00 00 00 00 00 48 8b
0x000000000394f9ae:   04 1f 48 8d 40 01 48 89 04 1f 0f 84 4d 02 00 00
0x000000000394f9be:   48 3b 06 48 8b fe 48 bb e8 68 9e 2e 00 00 00 00
0x000000000394f9ce:   8b 7f 08 48 c1 e7 03 48 3b bb b0 01 00 00 75 0d 


Register to memory mapping:

RAX=0x00000000000001ae is an unknown value
RBX=0x0000000000000198 is an unknown value
RCX=0x000000001be1c430 is pointing into the stack for thread: 0x000000001afe7800
RDX=0x00000000d8588000 is an oop
java.lang.Object 
 - klass: 'java/lang/Object'
RSP=0x000000001be1c1e0 is pointing into the stack for thread: 0x000000001afe7800
RBP=0x000000001be1c360 is pointing into the stack for thread: 0x000000001afe7800
RSI=0x000000000bedb409 is an unknown value
RDI=0x000000002e9e68e8 is pointing into metadata
R8 =0x000000001be1c640 is pointing into the stack for thread: 0x000000001afe7800
R9 =0x0000000000000001 is an unknown value
R10=0x00000000033f0827 is at begin+0 in a stub
StubRoutines::call_stub [0x00000000033f0827, 0x00000000033f098b[ (356 bytes)
R11=0x000000000394f700 is at entry_point+32 in (nmethod*)0x000000000394f510
R12=0x0000000000000000 is an unknown value
R13=0x000000001be1c280 is pointing into the stack for thread: 0x000000001afe7800
R14=0x000000001be1c408 is pointing into the stack for thread: 0x000000001afe7800
R15=0x000000001afe7800 is a thread


Stack: [0x000000001bd20000,0x000000001be20000],  sp=0x000000001be1c1e0,  free space=1008k
Native frames: (J=compiled Java code, j=interpreted, Vv=VM code, C=native code)
C  0x000000000394f9be


---------------  P R O C E S S  ---------------

Java Threads: ( => current thread )
  0x000000001a21f800 JavaThread "Thread-5" [_thread_blocked, id=2268, stack(0x000000002ec60000,0x000000002ed60000)]
  0x000000001a140000 JavaThread "Thread-4" [_thread_blocked, id=18944, stack(0x0000000023f30000,0x0000000024030000)]
  0x00000000245eb000 JavaThread "Prism Font Disposer" daemon [_thread_blocked, id=3576, stack(0x0000000026610000,0x0000000026710000)]
  0x000000001b05a000 JavaThread "Thread-3" daemon [_thread_blocked, id=10528, stack(0x0000000022940000,0x0000000022a40000)]
  0x000000001b066000 JavaThread "JavaFX-Launcher" [_thread_blocked, id=17048, stack(0x0000000022a40000,0x0000000022b40000)]
=>0x000000001afe7800 JavaThread "JavaFX Application Thread" [_thread_in_Java, id=13596, stack(0x000000001bd20000,0x000000001be20000)]
  0x000000001afe4800 JavaThread "Thread-1" daemon [_thread_blocked, id=18780, stack(0x000000001bc20000,0x000000001bd20000)]
  0x000000001afb8000 JavaThread "QuantumRenderer-0" daemon [_thread_blocked, id=1800, stack(0x000000001b9a0000,0x000000001baa0000)]
  0x000000001a0d2000 JavaThread "Service Thread" daemon [_thread_blocked, id=6768, stack(0x000000001ad80000,0x000000001ae80000)]
  0x000000001a0bf000 JavaThread "C1 CompilerThread3" daemon [_thread_blocked, id=3208, stack(0x000000001ac80000,0x000000001ad80000)]
  0x000000001a0b7800 JavaThread "C2 CompilerThread2" daemon [_thread_blocked, id=14900, stack(0x000000001ab80000,0x000000001ac80000)]
  0x000000001a0b7000 JavaThread "C2 CompilerThread1" daemon [_thread_blocked, id=11088, stack(0x000000001aa80000,0x000000001ab80000)]
  0x000000001a0b3800 JavaThread "C2 CompilerThread0" daemon [_thread_blocked, id=15772, stack(0x000000001a980000,0x000000001aa80000)]
  0x000000001a0b1800 JavaThread "Attach Listener" daemon [_thread_blocked, id=17200, stack(0x000000001a880000,0x000000001a980000)]
  0x00000000182a3000 JavaThread "Signal Dispatcher" daemon [_thread_blocked, id=4440, stack(0x000000001a780000,0x000000001a880000)]
  0x000000001a0a0800 JavaThread "Finalizer" daemon [_thread_blocked, id=17128, stack(0x000000001a580000,0x000000001a680000)]
  0x00000000033e6800 JavaThread "Reference Handler" daemon [_thread_blocked, id=20928, stack(0x000000001a480000,0x000000001a580000)]
  0x00000000032f2800 JavaThread "main" [_thread_blocked, id=17652, stack(0x00000000031f0000,0x00000000032f0000)]

Other Threads:
  0x0000000018299800 VMThread [stack: 0x0000000019f80000,0x000000001a080000] [id=18932]
  0x000000001a0d3000 WatcherThread [stack: 0x000000001ae80000,0x000000001af80000] [id=8904]

VM state:synchronizing (normal execution)

VM Mutex/Monitor currently owned by a thread:  ([mutex/lock_event])
[0x000000000304e7b0] Safepoint_lock - owner thread: 0x0000000018299800
[0x000000000304e9b0] Threads_lock - owner thread: 0x0000000018299800

heap address: 0x0000000083000000, size: 2000 MB, Compressed Oops mode: 32-bit
Narrow klass base: 0x0000000000000000, Narrow klass shift: 3
Compressed class space size: 1073741824 Address: 0x0000000100000000

Heap:
 PSYoungGen      total 37888K, used 25135K [0x00000000d6580000, 0x00000000d8f80000, 0x0000000100000000)
  eden space 32768K, 61% used [0x00000000d6580000,0x00000000d7911640,0x00000000d8580000)
  from space 5120K, 99% used [0x00000000d8580000,0x00000000d8a7a870,0x00000000d8a80000)
  to   space 5120K, 0% used [0x00000000d8a80000,0x00000000d8a80000,0x00000000d8f80000)
 ParOldGen       total 86016K, used 44970K [0x0000000083000000, 0x0000000088400000, 0x00000000d6580000)
  object space 86016K, 52% used [0x0000000083000000,0x0000000085beaa48,0x0000000088400000)
 Metaspace       used 16325K, capacity 17050K, committed 17152K, reserved 1064960K
  class space    used 2356K, capacity 2556K, committed 2560K, reserved 1048576K

Card table byte_map: [0x00000000127b0000,0x0000000012ba0000] byte_map_base: 0x0000000012398000

Marking Bits: (ParMarkBitMap*) 0x00000000715d5ce0
 Begin Bits: [0x0000000013640000, 0x0000000015580000)
 End Bits:   [0x0000000015580000, 0x00000000174c0000)

Polling page: 0x0000000001300000

CodeCache: size=245760Kb used=6673Kb max_used=6673Kb free=239086Kb
 bounds [0x00000000033f0000, 0x0000000003a80000, 0x00000000123f0000]
 total_blobs=2837 nmethods=2187 adapters=561
 compilation: enabled

Compilation events (10 events):
Event: 12.843 Thread 0x000000001a0bf000 nmethod 2184 0x0000000003a74dd0 code [0x0000000003a74f40, 0x0000000003a75410]
Event: 12.843 Thread 0x000000001a0bf000 2185       3       com.sun.javafx.css.SelectorPartitioning::lambda$static$240 (10 bytes)
Event: 12.843 Thread 0x000000001a0bf000 nmethod 2185 0x0000000003a75590 code [0x0000000003a756e0, 0x0000000003a75950]
Event: 12.843 Thread 0x000000001a0bf000 2183       3       javafx.scene.Node::getStyle (23 bytes)
Event: 12.843 Thread 0x000000001a0bf000 nmethod 2183 0x0000000003a75a10 code [0x0000000003a75b80, 0x0000000003a75ee8]
Event: 12.844 Thread 0x000000001a0bf000 2186       3       com.sun.javafx.css.parser.LexerState::<init> (110 bytes)
Event: 12.844 Thread 0x000000001a0bf000 nmethod 2186 0x0000000003a75fd0 code [0x0000000003a76160, 0x0000000003a76810]
Event: 12.844 Thread 0x000000001a0bf000 2187       3       com.sun.javafx.css.BitSet::clear (84 bytes)
Event: 12.845 Thread 0x000000001a0bf000 nmethod 2187 0x0000000003a76b10 code [0x0000000003a76ce0, 0x0000000003a774e8]
Event: 12.845 Thread 0x000000001a0bf000 2189       3       com.sun.javafx.css.StyleManager$Cache::getStyleMap (400 bytes)

GC Heap History (2 events):
Event: 2.633 GC heap before
{Heap before GC invocations=1 (full 0):
 PSYoungGen      total 37888K, used 32768K [0x00000000d6580000, 0x00000000d8f80000, 0x0000000100000000)
  eden space 32768K, 100% used [0x00000000d6580000,0x00000000d8580000,0x00000000d8580000)
  from space 5120K, 0% used [0x00000000d8a80000,0x00000000d8a80000,0x00000000d8f80000)
  to   space 5120K, 0% used [0x00000000d8580000,0x00000000d8580000,0x00000000d8a80000)
 ParOldGen       total 86016K, used 41553K [0x0000000083000000, 0x0000000088400000, 0x00000000d6580000)
  object space 86016K, 48% used [0x0000000083000000,0x0000000085894610,0x0000000088400000)
 Metaspace       used 11998K, capacity 12538K, committed 12672K, reserved 1060864K
  class space    used 1657K, capacity 1828K, committed 1920K, reserved 1048576K
Event: 2.637 GC heap after
Heap after GC invocations=1 (full 0):
 PSYoungGen      total 37888K, used 5098K [0x00000000d6580000, 0x00000000d8f80000, 0x0000000100000000)
  eden space 32768K, 0% used [0x00000000d6580000,0x00000000d6580000,0x00000000d8580000)
  from space 5120K, 99% used [0x00000000d8580000,0x00000000d8a7a870,0x00000000d8a80000)
  to   space 5120K, 0% used [0x00000000d8a80000,0x00000000d8a80000,0x00000000d8f80000)
 ParOldGen       total 86016K, used 44970K [0x0000000083000000, 0x0000000088400000, 0x00000000d6580000)
  object space 86016K, 52% used [0x0000000083000000,0x0000000085beaa48,0x0000000088400000)
 Metaspace       used 11998K, capacity 12538K, committed 12672K, reserved 1060864K
  class space    used 1657K, capacity 1828K, committed 1920K, reserved 1048576K
}

Deoptimization events (10 events):
Event: 2.688 Thread 0x000000001afe7800 Uncommon trap: reason=class_check action=maybe_recompile pc=0x000000000350f468 method=java.lang.String.equals(Ljava/lang/Object;)Z @ 8
Event: 4.315 Thread 0x000000001afe7800 Uncommon trap: reason=bimorphic action=maybe_recompile pc=0x00000000037b4894 method=java.io.BufferedInputStream.read1([BII)I @ 39
Event: 4.316 Thread 0x000000001afe7800 Uncommon trap: reason=bimorphic action=maybe_recompile pc=0x00000000037b4894 method=java.io.BufferedInputStream.read1([BII)I @ 39
Event: 4.316 Thread 0x000000001afe7800 Uncommon trap: reason=bimorphic action=maybe_recompile pc=0x00000000037b4894 method=java.io.BufferedInputStream.read1([BII)I @ 39
Event: 4.316 Thread 0x000000001afe7800 Uncommon trap: reason=predicate action=maybe_recompile pc=0x000000000365b0f0 method=sun.net.www.ParseUtil.encodePath(Ljava/lang/String;Z)Ljava/lang/String; @ 36
Event: 4.319 Thread 0x000000001afe7800 Uncommon trap: reason=unstable_if action=reinterpret pc=0x00000000037b2228 method=com.sun.javafx.iio.png.PNGIDATChunkInputStream.read([BII)I @ 4
Event: 4.319 Thread 0x000000001afe7800 Uncommon trap: reason=unstable_if action=reinterpret pc=0x0000000003799534 method=com.sun.javafx.iio.png.PNGIDATChunkInputStream.read([BII)I @ 4
Event: 4.331 Thread 0x000000001afe7800 Uncommon trap: reason=unstable_if action=reinterpret pc=0x00000000035b3ba8 method=java.lang.String.startsWith(Ljava/lang/String;I)Z @ 25
Event: 4.341 Thread 0x000000001afe7800 Uncommon trap: reason=unstable_if action=reinterpret pc=0x00000000036f3dfc method=java.lang.String.regionMatches(ZILjava/lang/String;II)Z @ 123
Event: 11.042 Thread 0x000000001afe7800 Uncommon trap: reason=unstable_if action=reinterpret pc=0x00000000035dcfc0 method=java.lang.CharacterData.of(I)Ljava/lang/CharacterData; @ 4

Classes redefined (0 events):
No events

Internal exceptions (10 events):
Event: 0.368 Thread 0x000000001afe7800 Exception <a 'java/security/PrivilegedActionException'> (0x00000000d7760a18) thrown at [C:\re\workspace\8-2-build-windows-amd64-cygwin\jdk8u202\12323\hotspot\src\share\vm\prims\jvm.cpp, line 1502]
Event: 0.368 Thread 0x000000001afe7800 Exception <a 'java/security/PrivilegedActionException'> (0x00000000d7760e10) thrown at [C:\re\workspace\8-2-build-windows-amd64-cygwin\jdk8u202\12323\hotspot\src\share\vm\prims\jvm.cpp, line 1502]
Event: 0.368 Thread 0x000000001afe7800 Exception <a 'java/security/PrivilegedActionException'> (0x00000000d7762e48) thrown at [C:\re\workspace\8-2-build-windows-amd64-cygwin\jdk8u202\12323\hotspot\src\share\vm\prims\jvm.cpp, line 1502]
Event: 0.368 Thread 0x000000001afe7800 Exception <a 'java/security/PrivilegedActionException'> (0x00000000d7763240) thrown at [C:\re\workspace\8-2-build-windows-amd64-cygwin\jdk8u202\12323\hotspot\src\share\vm\prims\jvm.cpp, line 1502]
Event: 0.368 Thread 0x000000001afe7800 Exception <a 'java/security/PrivilegedActionException'> (0x00000000d7765208) thrown at [C:\re\workspace\8-2-build-windows-amd64-cygwin\jdk8u202\12323\hotspot\src\share\vm\prims\jvm.cpp, line 1502]
Event: 0.368 Thread 0x000000001afe7800 Exception <a 'java/security/PrivilegedActionException'> (0x00000000d7765600) thrown at [C:\re\workspace\8-2-build-windows-amd64-cygwin\jdk8u202\12323\hotspot\src\share\vm\prims\jvm.cpp, line 1502]
Event: 0.369 Thread 0x000000001afe7800 Exception <a 'java/security/PrivilegedActionException'> (0x00000000d7767638) thrown at [C:\re\workspace\8-2-build-windows-amd64-cygwin\jdk8u202\12323\hotspot\src\share\vm\prims\jvm.cpp, line 1502]
Event: 0.369 Thread 0x000000001afe7800 Exception <a 'java/security/PrivilegedActionException'> (0x00000000d7767a30) thrown at [C:\re\workspace\8-2-build-windows-amd64-cygwin\jdk8u202\12323\hotspot\src\share\vm\prims\jvm.cpp, line 1502]
Event: 0.369 Thread 0x000000001afe7800 Exception <a 'java/security/PrivilegedActionException'> (0x00000000d7769a68) thrown at [C:\re\workspace\8-2-build-windows-amd64-cygwin\jdk8u202\12323\hotspot\src\share\vm\prims\jvm.cpp, line 1502]
Event: 0.369 Thread 0x000000001afe7800 Exception <a 'java/security/PrivilegedActionException'> (0x00000000d7769e60) thrown at [C:\re\workspace\8-2-build-windows-amd64-cygwin\jdk8u202\12323\hotspot\src\share\vm\prims\jvm.cpp, line 1502]

Events (10 events):
Event: 12.843 loading class javafx/scene/control/ScrollPane$StyleableProperties$3 done
Event: 12.844 loading class javafx/scene/control/ScrollPane$StyleableProperties$4
Event: 12.844 loading class javafx/scene/control/ScrollPane$StyleableProperties$4 done
Event: 12.844 loading class javafx/scene/control/ScrollPane$StyleableProperties$5
Event: 12.844 loading class javafx/scene/control/ScrollPane$StyleableProperties$5 done
Event: 12.844 loading class javafx/scene/control/ScrollPane$ScrollBarPolicy
Event: 12.844 loading class javafx/scene/control/ScrollPane$ScrollBarPolicy done
Event: 12.845 loading class tic/tac/toe/LoginBase$2$3
Event: 12.845 loading class tic/tac/toe/LoginBase$2$3 done
Event: 12.845 Executing VM operation: RevokeBias


Dynamic libraries:
0x00007ff748750000 - 0x00007ff748787000 	C:\Program Files\Java\jdk1.8.0_202\jre\bin\java.exe
0x00007ffa26c00000 - 0x00007ffa26df0000 	C:\Windows\SYSTEM32\ntdll.dll
0x00007ffa256a0000 - 0x00007ffa25752000 	C:\Windows\System32\KERNEL32.DLL
0x00007ffa24a00000 - 0x00007ffa24ca3000 	C:\Windows\System32\KERNELBASE.dll
0x00007ffa26260000 - 0x00007ffa26303000 	C:\Windows\System32\ADVAPI32.dll
0x00007ffa25460000 - 0x00007ffa254fe000 	C:\Windows\System32\msvcrt.dll
0x00007ffa26520000 - 0x00007ffa265b7000 	C:\Windows\System32\sechost.dll
0x00007ffa26030000 - 0x00007ffa26150000 	C:\Windows\System32\RPCRT4.dll
0x00007ffa25500000 - 0x00007ffa25694000 	C:\Windows\System32\USER32.dll
0x00007ffa23c10000 - 0x00007ffa23c31000 	C:\Windows\System32\win32u.dll
0x00007ffa26310000 - 0x00007ffa26336000 	C:\Windows\System32\GDI32.dll
0x00007ffa24780000 - 0x00007ffa24914000 	C:\Windows\System32\gdi32full.dll
0x00007ffa23c40000 - 0x00007ffa23cde000 	C:\Windows\System32\msvcp_win.dll
0x00007ffa23ce0000 - 0x00007ffa23dda000 	C:\Windows\System32\ucrtbase.dll
0x00007ffa07310000 - 0x00007ffa07595000 	C:\Windows\WinSxS\amd64_microsoft.windows.common-controls_6595b64144ccf1df_6.0.18362.628_none_e6c6b62f130d50fc\COMCTL32.dll
0x00007ffa267b0000 - 0x00007ffa26ae6000 	C:\Windows\System32\combase.dll
0x00007ffa23b90000 - 0x00007ffa23c10000 	C:\Windows\System32\bcryptPrimitives.dll
0x00007ffa25760000 - 0x00007ffa2578e000 	C:\Windows\System32\IMM32.DLL
0x0000000071a00000 - 0x0000000071ad2000 	C:\Program Files\Java\jdk1.8.0_202\jre\bin\msvcr100.dll
0x0000000070db0000 - 0x0000000071655000 	C:\Program Files\Java\jdk1.8.0_202\jre\bin\server\jvm.dll
0x00007ffa26250000 - 0x00007ffa26258000 	C:\Windows\System32\PSAPI.DLL
0x00007ffa1d120000 - 0x00007ffa1d12a000 	C:\Windows\SYSTEM32\VERSION.dll
0x00007ffa213d0000 - 0x00007ffa213f4000 	C:\Windows\SYSTEM32\WINMM.dll
0x00007ff9f7d60000 - 0x00007ff9f7d69000 	C:\Windows\SYSTEM32\WSOCK32.dll
0x00007ffa25f30000 - 0x00007ffa25f9f000 	C:\Windows\System32\WS2_32.dll
0x00007ffa213a0000 - 0x00007ffa213cd000 	C:\Windows\SYSTEM32\winmmbase.dll
0x00007ffa24560000 - 0x00007ffa245aa000 	C:\Windows\System32\cfgmgr32.dll
0x00007ffa1e560000 - 0x00007ffa1e56f000 	C:\Program Files\Java\jdk1.8.0_202\jre\bin\verify.dll
0x00007ffa10200000 - 0x00007ffa10229000 	C:\Program Files\Java\jdk1.8.0_202\jre\bin\java.dll
0x00007ffa1dbe0000 - 0x00007ffa1dbf6000 	C:\Program Files\Java\jdk1.8.0_202\jre\bin\zip.dll
0x00007ffa24d10000 - 0x00007ffa253f5000 	C:\Windows\System32\SHELL32.dll
0x00007ffa265c0000 - 0x00007ffa26669000 	C:\Windows\System32\shcore.dll
0x00007ffa23de0000 - 0x00007ffa2455f000 	C:\Windows\System32\windows.storage.dll
0x00007ffa23b00000 - 0x00007ffa23b1f000 	C:\Windows\System32\profapi.dll
0x00007ffa23b40000 - 0x00007ffa23b8a000 	C:\Windows\System32\powrprof.dll
0x00007ffa23ad0000 - 0x00007ffa23ae0000 	C:\Windows\System32\UMPDC.dll
0x00007ffa25400000 - 0x00007ffa25452000 	C:\Windows\System32\shlwapi.dll
0x00007ffa23ae0000 - 0x00007ffa23af1000 	C:\Windows\System32\kernel.appcore.dll
0x00007ffa245b0000 - 0x00007ffa245c7000 	C:\Windows\System32\cryptsp.dll
0x0000000003080000 - 0x0000000003083000 	C:\Program Files\java\jdk1.8.0_202\jre\bin\api-ms-win-core-console-l1-1-0.dll
0x0000000003090000 - 0x0000000003093000 	C:\Program Files\java\jdk1.8.0_202\jre\bin\api-ms-win-core-datetime-l1-1-0.dll
0x00000000030a0000 - 0x00000000030a3000 	C:\Program Files\java\jdk1.8.0_202\jre\bin\api-ms-win-core-debug-l1-1-0.dll
0x00000000030b0000 - 0x00000000030b3000 	C:\Program Files\java\jdk1.8.0_202\jre\bin\api-ms-win-core-errorhandling-l1-1-0.dll
0x00000000030c0000 - 0x00000000030c4000 	C:\Program Files\java\jdk1.8.0_202\jre\bin\api-ms-win-core-file-l1-1-0.dll
0x00000000030d0000 - 0x00000000030d3000 	C:\Program Files\java\jdk1.8.0_202\jre\bin\api-ms-win-core-file-l1-2-0.dll
0x000000001b780000 - 0x000000001b783000 	C:\Program Files\java\jdk1.8.0_202\jre\bin\api-ms-win-core-file-l2-1-0.dll
0x000000001b790000 - 0x000000001b793000 	C:\Program Files\java\jdk1.8.0_202\jre\bin\api-ms-win-core-handle-l1-1-0.dll
0x000000001b7a0000 - 0x000000001b7a3000 	C:\Program Files\java\jdk1.8.0_202\jre\bin\api-ms-win-core-heap-l1-1-0.dll
0x000000001b7b0000 - 0x000000001b7b3000 	C:\Program Files\java\jdk1.8.0_202\jre\bin\api-ms-win-core-interlocked-l1-1-0.dll
0x000000001b7c0000 - 0x000000001b7c3000 	C:\Program Files\java\jdk1.8.0_202\jre\bin\api-ms-win-core-libraryloader-l1-1-0.dll
0x000000001b7d0000 - 0x000000001b7d3000 	C:\Program Files\java\jdk1.8.0_202\jre\bin\api-ms-win-core-localization-l1-2-0.dll
0x000000001b7e0000 - 0x000000001b7e3000 	C:\Program Files\java\jdk1.8.0_202\jre\bin\api-ms-win-core-memory-l1-1-0.dll
0x000000001b7f0000 - 0x000000001b7f3000 	C:\Program Files\java\jdk1.8.0_202\jre\bin\api-ms-win-core-namedpipe-l1-1-0.dll
0x000000001b800000 - 0x000000001b803000 	C:\Program Files\java\jdk1.8.0_202\jre\bin\api-ms-win-core-processenvironment-l1-1-0.dll
0x000000001b810000 - 0x000000001b813000 	C:\Program Files\java\jdk1.8.0_202\jre\bin\api-ms-win-core-processthreads-l1-1-0.dll
0x000000001b820000 - 0x000000001b823000 	C:\Program Files\java\jdk1.8.0_202\jre\bin\api-ms-win-core-processthreads-l1-1-1.dll
0x000000001b830000 - 0x000000001b833000 	C:\Program Files\java\jdk1.8.0_202\jre\bin\api-ms-win-core-profile-l1-1-0.dll
0x000000001b840000 - 0x000000001b843000 	C:\Program Files\java\jdk1.8.0_202\jre\bin\api-ms-win-core-rtlsupport-l1-1-0.dll
0x000000001b850000 - 0x000000001b853000 	C:\Program Files\java\jdk1.8.0_202\jre\bin\api-ms-win-core-string-l1-1-0.dll
0x000000001b860000 - 0x000000001b863000 	C:\Program Files\java\jdk1.8.0_202\jre\bin\api-ms-win-core-synch-l1-1-0.dll
0x000000001b870000 - 0x000000001b873000 	C:\Program Files\java\jdk1.8.0_202\jre\bin\api-ms-win-core-synch-l1-2-0.dll
0x000000001b880000 - 0x000000001b883000 	C:\Program Files\java\jdk1.8.0_202\jre\bin\api-ms-win-core-sysinfo-l1-1-0.dll
0x000000001b890000 - 0x000000001b893000 	C:\Program Files\java\jdk1.8.0_202\jre\bin\api-ms-win-core-timezone-l1-1-0.dll
0x000000001b8a0000 - 0x000000001b8a3000 	C:\Program Files\java\jdk1.8.0_202\jre\bin\api-ms-win-core-util-l1-1-0.dll
0x000000001b8b0000 - 0x000000001b8b3000 	C:\Program Files\java\jdk1.8.0_202\jre\bin\api-ms-win-crt-conio-l1-1-0.dll
0x000000001b8c0000 - 0x000000001b8c4000 	C:\Program Files\java\jdk1.8.0_202\jre\bin\api-ms-win-crt-convert-l1-1-0.dll
0x000000001b8d0000 - 0x000000001b8d3000 	C:\Program Files\java\jdk1.8.0_202\jre\bin\api-ms-win-crt-environment-l1-1-0.dll
0x000000001b8e0000 - 0x000000001b8e3000 	C:\Program Files\java\jdk1.8.0_202\jre\bin\api-ms-win-crt-filesystem-l1-1-0.dll
0x000000001b8f0000 - 0x000000001b8f3000 	C:\Program Files\java\jdk1.8.0_202\jre\bin\api-ms-win-crt-heap-l1-1-0.dll
0x000000001b900000 - 0x000000001b903000 	C:\Program Files\java\jdk1.8.0_202\jre\bin\api-ms-win-crt-locale-l1-1-0.dll
0x000000001b910000 - 0x000000001b915000 	C:\Program Files\java\jdk1.8.0_202\jre\bin\api-ms-win-crt-math-l1-1-0.dll
0x000000001b920000 - 0x000000001b925000 	C:\Program Files\java\jdk1.8.0_202\jre\bin\api-ms-win-crt-multibyte-l1-1-0.dll
0x000000001b930000 - 0x000000001b940000 	C:\Program Files\java\jdk1.8.0_202\jre\bin\api-ms-win-crt-private-l1-1-0.dll
0x000000001b940000 - 0x000000001b943000 	C:\Program Files\java\jdk1.8.0_202\jre\bin\api-ms-win-crt-process-l1-1-0.dll
0x000000001b950000 - 0x000000001b954000 	C:\Program Files\java\jdk1.8.0_202\jre\bin\api-ms-win-crt-runtime-l1-1-0.dll
0x000000001b960000 - 0x000000001b964000 	C:\Program Files\java\jdk1.8.0_202\jre\bin\api-ms-win-crt-stdio-l1-1-0.dll
0x000000001b970000 - 0x000000001b974000 	C:\Program Files\java\jdk1.8.0_202\jre\bin\api-ms-win-crt-string-l1-1-0.dll
0x000000001b980000 - 0x000000001b983000 	C:\Program Files\java\jdk1.8.0_202\jre\bin\api-ms-win-crt-time-l1-1-0.dll
0x000000001b990000 - 0x000000001b993000 	C:\Program Files\java\jdk1.8.0_202\jre\bin\api-ms-win-crt-utility-l1-1-0.dll
0x00007ff9ed9e0000 - 0x00007ff9edad6000 	C:\Program Files\java\jdk1.8.0_202\jre\bin\ucrtbase.dll
0x00007ffa1d2a0000 - 0x00007ffa1d2b6000 	C:\Program Files\java\jdk1.8.0_202\jre\bin\vcruntime140.dll
0x00007ff9edbd0000 - 0x00007ff9edc6c000 	C:\Program Files\java\jdk1.8.0_202\jre\bin\msvcp140.dll
0x00007ff9ef600000 - 0x00007ff9ef651000 	C:\Program Files\java\jdk1.8.0_202\jre\bin\concrt140.dll
0x00007ff9f98c0000 - 0x00007ff9f98e3000 	C:\Program Files\java\jdk1.8.0_202\jre\bin\prism_d3d.dll
0x00007ffa12570000 - 0x00007ffa12737000 	C:\Windows\system32\d3d9.dll
0x00007ffa21b70000 - 0x00007ffa21b9d000 	C:\Windows\SYSTEM32\dwmapi.dll
0x00007ffa227f0000 - 0x00007ffa22810000 	C:\Windows\SYSTEM32\dxcore.dll
0x00007ffa219b0000 - 0x00007ffa21a49000 	C:\Windows\system32\uxtheme.dll
0x00007ff9e9e00000 - 0x00007ff9e9f65000 	C:\Windows\System32\DriverStore\FileRepository\iigd_dch.inf_amd64_ee3c4a51f0270f1f\igdumdim64.dll
0x00007ffa263a0000 - 0x00007ffa264f6000 	C:\Windows\System32\ole32.dll
0x00007ff9bab10000 - 0x00007ff9bf30d000 	C:\Windows\System32\DriverStore\FileRepository\iigd_dch.inf_amd64_ee3c4a51f0270f1f\igd9dxva64.dll
0x00007ffa26af0000 - 0x00007ffa26bb4000 	C:\Windows\System32\OLEAUT32.dll
0x00007ffa25ac0000 - 0x00007ffa25f30000 	C:\Windows\System32\SETUPAPI.dll
0x00007ffa24920000 - 0x00007ffa24946000 	C:\Windows\System32\bcrypt.dll
0x00007ffa02c60000 - 0x00007ffa02eb7000 	C:\Windows\System32\DriverStore\FileRepository\iigd_dch.inf_amd64_ee3c4a51f0270f1f\igdgmm64.dll
0x00007ff9ed920000 - 0x00007ff9ed969000 	C:\Program Files\java\jdk1.8.0_202\jre\bin\glass.dll
0x00007ffa259f0000 - 0x00007ffa25ac0000 	C:\Windows\System32\COMDLG32.dll
0x00007ffa26670000 - 0x00007ffa267a5000 	C:\Windows\System32\MSCTF.dll
0x00007ff9e8450000 - 0x00007ff9e8477000 	C:\Windows\System32\DriverStore\FileRepository\iigd_dch.inf_amd64_ee3c4a51f0270f1f\igdinfo64.dll
0x00007ff9ffab0000 - 0x00007ffa026c9000 	C:\Windows\System32\DriverStore\FileRepository\iigd_dch.inf_amd64_ee3c4a51f0270f1f\igc64.dll
0x00007ffa0efa0000 - 0x00007ffa0efb4000 	C:\Program Files\java\jdk1.8.0_202\jre\bin\javafx_font.dll
0x00007ffa0a7d0000 - 0x00007ffa0aace000 	C:\Windows\SYSTEM32\dwrite.dll
0x00007ffa25790000 - 0x00007ffa25832000 	C:\Windows\System32\clbcatq.dll
0x00007ffa06e70000 - 0x00007ffa0701f000 	C:\Windows\SYSTEM32\WindowsCodecs.dll
0x00007ffa02f80000 - 0x00007ffa02fba000 	C:\Windows\system32\dataexchange.dll
0x00007ffa214d0000 - 0x00007ffa216ab000 	C:\Windows\system32\dcomp.dll
0x00007ffa1f190000 - 0x00007ffa1f3eb000 	C:\Windows\system32\d3d11.dll
0x00007ffa22880000 - 0x00007ffa2296b000 	C:\Windows\system32\dxgi.dll
0x00007ffa21c50000 - 0x00007ffa21eaa000 	C:\Windows\system32\twinapi.appcore.dll
0x00007ffa22080000 - 0x00007ffa220a9000 	C:\Windows\system32\RMCLIENT.dll
0x00007ff9f8ba0000 - 0x00007ff9f8bd3000 	C:\Program Files\Common Files\Microsoft Shared\Ink\rtscom.dll
0x00007ffa106a0000 - 0x00007ffa1073e000 	C:\Windows\System32\TextInputFramework.dll
0x00007ffa10370000 - 0x00007ffa1069a000 	C:\Windows\System32\CoreUIComponents.dll
0x00007ffa216b0000 - 0x00007ffa21784000 	C:\Windows\System32\CoreMessaging.dll
0x00007ffa22b20000 - 0x00007ffa22b51000 	C:\Windows\SYSTEM32\ntmarta.dll
0x00007ffa1f5f0000 - 0x00007ffa1f743000 	C:\Windows\SYSTEM32\wintypes.dll
0x00007ffa13160000 - 0x00007ffa13406000 	C:\Windows\System32\iertutil.dll
0x00007ff9f2e00000 - 0x00007ff9f3070000 	C:\Windows\SYSTEM32\UIAutomationCore.DLL
0x00007ff9f76e0000 - 0x00007ff9f7759000 	C:\Windows\System32\OneCoreCommonProxyStub.dll
0x00007ffa11630000 - 0x00007ffa11642000 	C:\Program Files\java\jdk1.8.0_202\jre\bin\prism_common.dll
0x00007ffa102d0000 - 0x00007ffa102ea000 	C:\Program Files\java\jdk1.8.0_202\jre\bin\net.dll
0x00007ffa13420000 - 0x00007ffa135f6000 	C:\Windows\SYSTEM32\urlmon.dll
0x00007ffa23510000 - 0x00007ffa2351c000 	C:\Windows\SYSTEM32\CRYPTBASE.DLL
0x00007ffa23340000 - 0x00007ffa233a7000 	C:\Windows\system32\mswsock.dll
0x00007ffa22410000 - 0x00007ffa22604000 	C:\Windows\SYSTEM32\dbghelp.dll

VM Arguments:
jvm_args: -Dfile.encoding=UTF-8 
java_command: C:\Users\Administrator\Desktop\tic tac toe\Tic-Tac-Toe\dist\run8629367\Tic-Tac-Toe.jar
java_class_path (initial): C:\Users\Administrator\Desktop\tic tac toe\Tic-Tac-Toe\dist\run8629367\Tic-Tac-Toe.jar
Launcher Type: SUN_STANDARD

Environment Variables:
JAVA_HOME=C:\Program Files\java\jdk-17.0.1
PATH=C:\Program Files\java\jdk1.8.0_202\bin;C:\Program Files (x86)\Common Files\Oracle\Java\javapath;C:\Program Files (x86)\VMware\VMware Player\bin\;C:\Program Files\Common Files\Oracle\Java\javapath;C:\Windows\system32;C:\Windows;C:\Windows\System32\Wbem;C:\Windows\System32\WindowsPowerShell\v1.0\;C:\Windows\System32\OpenSSH\;C:\Program Files (x86)\NVIDIA Corporation\PhysX\Common;C:\Program Files\java\jdk-17.0.1\bin;C:\Program Files\Microsoft SQL Server\Client SDK\ODBC\170\Tools\Binn\;C:\Program Files (x86)\Microsoft SQL Server\150\Tools\Binn\;C:\Program Files\Microsoft SQL Server\150\Tools\Binn\;C:\Program Files\Microsoft SQL Server\150\DTS\Binn\;C:\Program Files (x86)\Microsoft SQL Server\150\DTS\Binn\;C:\Program Files\Azure Data Studio\bin;C:\Program Files\nodejs\;C:\Users\Administrator\AppData\Local\Pub\Cache\bin;C:\wamp64\bin\php\php8.2.0;C:\Apache24\bin;C:\Program Files\Git\cmd;C:\Users\Administrator\AppData\Local\Programs\Python\Python310\Scripts\;C:\Users\Administrator\AppData\Local\Programs\Python\Python310\;C:\Users\Administrator\AppData\Local\Microsoft\WindowsApps;C:\Users\Administrator\AppData\Local\Programs\Microsoft VS Code\bin;C:\Program Files\Azure Data Studio\bin;C:\Program Files\JetBrains\PyCharm Community Edition 2022.2.4\bin;;C:\src\flutter\bin;C:\Users\Administrator\AppData\Roaming\npm;C:\Program Files\nodejs;C:\Users\Administrator\AppData\Local\Pub\Cache\bin;C:\Users\Administrator\AppData\Local\ComposerSetup\bin;C:\Users\Administrator\AppData\Roaming\Composer\vendor\bin;C:\ProgramData\ComposerSetup\bin;C:\wamp64\bin\php\php8.2.0;C:\Users\Administrator\AppData\Local\GitHubDesktop\bin
USERNAME=Administrator
OS=Windows_NT
PROCESSOR_IDENTIFIER=Intel64 Family 6 Model 142 Stepping 12, GenuineIntel



---------------  S Y S T E M  ---------------

OS: Windows 10.0 , 64 bit Build 18362 (10.0.18362.329)

CPU:total 8 (initial active 8) (4 cores per cpu, 2 threads per core) family 6 model 142 stepping 12, cmov, cx8, fxsr, mmx, sse, sse2, sse3, ssse3, sse4.1, sse4.2, popcnt, avx, avx2, aes, clmul, erms, 3dnowpref, lzcnt, ht, tsc, tscinvbit, bmi1, bmi2, adx

Memory: 4k page, physical 8187896k(1671916k free), swap 16602996k(4765292k free)

vm_info: Java HotSpot(TM) 64-Bit Server VM (25.202-b08) for windows-amd64 JRE (1.8.0_202-b08), built on Dec 15 2018 19:54:30 by "java_re" with MS VC++ 10.0 (VS2010)

time: Sat Jan 20 16:22:25 2024
timezone: Egypt Standard Time
elapsed time: 13 seconds (0d 0h 0m 13s)

